


ARM Macro Assembler    Page 1 


    1 00000000                 PRESERVE8
    2 00000000                 THUMB
    3 00000000                 EXPORT           DFT_ModuleAuCarre
    4 00000000                 EXPORT           TabCos
    5 00000000                 EXPORT           TabSin
    6 00000000                 IMPORT           LeSignal
    7 00000000         
    8 00000000         ; ====================== zone de réservation de données,
                         ======================================
    9 00000000         ;Section RAM (read only) :
   10 00000000                 area             moncode,code,readwrite
   11 00000000         
   12 00000000         
   13 00000000         
   14 00000000         
   15 00000000         ; ======================================================
                       =========================================
   16 00000000         
   17 00000000         ;DFT_ModuleAuCarre PROC; short int * Signal64ech, char k
                       
   18 00000000         ; push{r4,r5,r6,r7} ; on sauvegarde l'état des registres
                        dans la pile
   19 00000000         ; mov r2, #0 ;r2 indice n initialement à 0
   20 00000000         ; mov r7, #0 ; r7 somme accumulé des parties réelles ini
                       tialement à 0
   21 00000000         ; ldr r5,=TabCos ; tableau des valeur de cos (défini plu
                       s bas)
   22 00000000         ; 
   23 00000000         ;Loop
   24 00000000         ;  
   25 00000000         ; 
   26 00000000         ; ;Operation modulo
   27 00000000         ; mul r6,r1,r2 ;r6 = k*n 
   28 00000000         ; and r6, #63 ;r6 = k*n AND 63 = k*n % Longueur du Table
                       au
   29 00000000         ; ldrsh r3, [r5,r6,lsl #1] ; r3 = cos à l'indice k*n = r
                       6, format = 1.15
   30 00000000         ; asr r3, #2 ; on décale en 1.13
   31 00000000         ; ldrsh r4, [r0,r2,lsl #1] ; r4 = signal à l'indice n = 
                       r2 1.12
   32 00000000         ; asr r4, #2 ;on décale en 1.10 
   33 00000000         ; mla r7, r3, r4, r7 ; mla : mul & add, format = 8.23
   34 00000000         ; add r2, #1 ; on incremente l'indice n
   35 00000000         ; mov r3, #64 ;r3 longueur du tableau
   36 00000000         ; cmp r3, r2 ;r2 index (rajout a la fin)
   37 00000000         ; bne Loop 
   38 00000000         
   39 00000000         ; asr r7, #20 ; on decale en 8.3
   40 00000000         ; mul r0,r7,r7 ; opération carré, format = 16.6
   41 00000000         ; pop{r4,r5,r6,r7} ;on rétablit l'état des registre
   42 00000000         
   43 00000000         ; bx lr
   44 00000000         ; endp
   45 00000000         
   46 00000000         ;Version 2
   47 00000000         
   48 00000000         DFT_ModuleAuCarre
                               PROC                         ; short int * Signa
                                                            l64ech, char k



ARM Macro Assembler    Page 2 


   49 00000000 E92D 01F0       push{r4,r5,r6,r7,r8}         ; on sauvegarde l'é
                                                            tat des registres d
                                                            ans la pile
   50 00000004 F04F 0200       mov              r2, #0      ;r2 indice n initia
                                                            lement à 0
   51 00000008 F04F 0700       mov              r7, #0      ; r7 somme accumulé
                                                             des parties réelle
                                                            s initialement à 0
   52 0000000C F04F 0800       mov              r8, #0      ; r7 somme accumulé
                                                             des parties réelle
                                                            s initialement à 0
   53 00000010         
   54 00000010         
   55 00000010         
   56 00000010         Loop
   57 00000010         
   58 00000010         
   59 00000010         ;Operation modulo
   60 00000010 FB01 F602       mul              r6,r1,r2    ;r6 = k*n 
   61 00000014 F006 063F       and              r6, #63     ;r6 = k*n AND 63 = 
                                                            k*n % Longueur du T
                                                            ableau
   62 00000018         
   63 00000018         ;Calcul de la partie réelle
   64 00000018 4D14            ldr              r5,=TabCos  ; tableau des valeu
                                                            r de cos (défini pl
                                                            us bas)
   65 0000001A F935 3016       ldrsh            r3, [r5,r6,lsl #1] ; r3 = cos à
                                                             l'indice k*n = r6,
                                                             format = 1.15
   66 0000001E EA4F 03A3       asr              r3, #2      ; on décale en 1.13
                                                            
   67 00000022 F930 4012       ldrsh            r4, [r0,r2,lsl #1] ; r4 = signa
                                                            l à l'indice n = r2
                                                             1.12
   68 00000026 EA4F 04A4       asr              r4, #2      ;on décale en 1.10 
                                                            
   69 0000002A         
   70 0000002A FB03 7704       mla              r7, r3, r4, r7 ; mla : mul & ad
                                                            d, format = 8.23
   71 0000002E         
   72 0000002E         ;Calcul de la partie imaginaire
   73 0000002E 4D10            ldr              r5,=TabSin  ; tableau des valeu
                                                            r de sin (défini pl
                                                            us bas)
   74 00000030 F935 3016       ldrsh            r3, [r5,r6,lsl #1] ; r3 = sin à
                                                             l'indice k*n = r6,
                                                             format = 1.15
   75 00000034 EA4F 03A3       asr              r3, #2      ; on décale en 1.13
                                                            
   76 00000038 F930 4012       ldrsh            r4, [r0,r2,lsl #1] ; r4 = signa
                                                            l à l'indice n = r2
                                                             1.12
   77 0000003C EA4F 04A4       asr              r4, #2      ;on décale en 1.10 
                                                            
   78 00000040 FB03 8804       mla              r8, r3, r4, r8 ; mla : mul & ad
                                                            d, format = 8.23
   79 00000044         
   80 00000044 F102 0201       add              r2, #1      ; on incremente l'i



ARM Macro Assembler    Page 3 


                                                            ndice n
   81 00000048 F04F 0340       mov              r3, #64     ;r3 longueur du tab
                                                            leau
   82 0000004C 4293            cmp              r3, r2      ;r2 index (rajout a
                                                             la fin)
   83 0000004E         
   84 0000004E D1DF            bne              Loop
   85 00000050         
   86 00000050 EA4F 5727       asr              r7, #20     ; on decale en 8.3
   87 00000054 EA4F 5828       asr              r8, #20     ; on decale en 8.3
   88 00000058 FB07 F707       mul              r7,r7,r7    ; opération carré, 
                                                            format = 16.6
   89 0000005C FB08 F808       mul              r8,r8,r8    ; opération carré, 
                                                            format = 16.6
   90 00000060 EB07 0008       add              r0,r7,r8
   91 00000064 E8BD 01F0       pop{r4,r5,r6,r7,r8}          ;on rétablit l'état
                                                             des registre
   92 00000068         
   93 00000068 4770            bx               lr
   94 0000006A                 endp
   95 0000006A         
   96 0000006A         
   97 0000006A         
   98 0000006A         ;Section ROM code (read only) :  
   99 0000006A 00 00 00000000 
              00000000         AREA             Trigo, DATA, READONLY
  100 00000000         ; codage fractionnaire 1.15
  101 00000000         
  102 00000000         TabCos
  103 00000000 FF 7F           DCW              32767       ;  0 0x7fff  0.9999
                                                            7
  104 00000002 62 7F           DCW              32610       ;  1 0x7f62  0.9951
                                                            8
  105 00000004 8A 7D           DCW              32138       ;  2 0x7d8a  0.9807
                                                            7
  106 00000006 7D 7A           DCW              31357       ;  3 0x7a7d  0.9569
                                                            4
  107 00000008 42 76           DCW              30274       ;  4 0x7642  0.9238
                                                            9
  108 0000000A E3 70           DCW              28899       ;  5 0x70e3  0.8819
                                                            3
  109 0000000C 6E 6A           DCW              27246       ;  6 0x6a6e  0.8314
                                                            8
  110 0000000E F2 62           DCW              25330       ;  7 0x62f2  0.7730
                                                            1
  111 00000010 82 5A           DCW              23170       ;  8 0x5a82  0.7070
                                                            9
  112 00000012 34 51           DCW              20788       ;  9 0x5134  0.6344
                                                            0
  113 00000014 1D 47           DCW              18205       ; 10 0x471d  0.5555
                                                            7
  114 00000016 57 3C           DCW              15447       ; 11 0x3c57  0.4714
                                                            1
  115 00000018 FC 30           DCW              12540       ; 12 0x30fc  0.3826
                                                            9
  116 0000001A 28 25           DCW              9512        ; 13 0x2528  0.2902
                                                            8
  117 0000001C F9 18           DCW              6393        ; 14 0x18f9  0.1951
                                                            0



ARM Macro Assembler    Page 4 


  118 0000001E 8C 0C           DCW              3212        ; 15 0x0c8c  0.0980
                                                            2
  119 00000020 00 00           DCW              0           ; 16 0x0000  0.0000
                                                            0
  120 00000022 74 F3           DCW              -3212       ; 17 0xf374 -0.0980
                                                            2
  121 00000024 07 E7           DCW              -6393       ; 18 0xe707 -0.1951
                                                            0
  122 00000026 D8 DA           DCW              -9512       ; 19 0xdad8 -0.2902
                                                            8
  123 00000028 04 CF           DCW              -12540      ; 20 0xcf04 -0.3826
                                                            9
  124 0000002A A9 C3           DCW              -15447      ; 21 0xc3a9 -0.4714
                                                            1
  125 0000002C E3 B8           DCW              -18205      ; 22 0xb8e3 -0.5555
                                                            7
  126 0000002E CC AE           DCW              -20788      ; 23 0xaecc -0.6344
                                                            0
  127 00000030 7E A5           DCW              -23170      ; 24 0xa57e -0.7070
                                                            9
  128 00000032 0E 9D           DCW              -25330      ; 25 0x9d0e -0.7730
                                                            1
  129 00000034 92 95           DCW              -27246      ; 26 0x9592 -0.8314
                                                            8
  130 00000036 1D 8F           DCW              -28899      ; 27 0x8f1d -0.8819
                                                            3
  131 00000038 BE 89           DCW              -30274      ; 28 0x89be -0.9238
                                                            9
  132 0000003A 83 85           DCW              -31357      ; 29 0x8583 -0.9569
                                                            4
  133 0000003C 76 82           DCW              -32138      ; 30 0x8276 -0.9807
                                                            7
  134 0000003E 9E 80           DCW              -32610      ; 31 0x809e -0.9951
                                                            8
  135 00000040 00 80           DCW              -32768      ; 32 0x8000 -1.0000
                                                            0
  136 00000042 9E 80           DCW              -32610      ; 33 0x809e -0.9951
                                                            8
  137 00000044 76 82           DCW              -32138      ; 34 0x8276 -0.9807
                                                            7
  138 00000046 83 85           DCW              -31357      ; 35 0x8583 -0.9569
                                                            4
  139 00000048 BE 89           DCW              -30274      ; 36 0x89be -0.9238
                                                            9
  140 0000004A 1D 8F           DCW              -28899      ; 37 0x8f1d -0.8819
                                                            3
  141 0000004C 92 95           DCW              -27246      ; 38 0x9592 -0.8314
                                                            8
  142 0000004E 0E 9D           DCW              -25330      ; 39 0x9d0e -0.7730
                                                            1
  143 00000050 7E A5           DCW              -23170      ; 40 0xa57e -0.7070
                                                            9
  144 00000052 CC AE           DCW              -20788      ; 41 0xaecc -0.6344
                                                            0
  145 00000054 E3 B8           DCW              -18205      ; 42 0xb8e3 -0.5555
                                                            7
  146 00000056 A9 C3           DCW              -15447      ; 43 0xc3a9 -0.4714
                                                            1
  147 00000058 04 CF           DCW              -12540      ; 44 0xcf04 -0.3826



ARM Macro Assembler    Page 5 


                                                            9
  148 0000005A D8 DA           DCW              -9512       ; 45 0xdad8 -0.2902
                                                            8
  149 0000005C 07 E7           DCW              -6393       ; 46 0xe707 -0.1951
                                                            0
  150 0000005E 74 F3           DCW              -3212       ; 47 0xf374 -0.0980
                                                            2
  151 00000060 00 00           DCW              0           ; 48 0x0000  0.0000
                                                            0
  152 00000062 8C 0C           DCW              3212        ; 49 0x0c8c  0.0980
                                                            2
  153 00000064 F9 18           DCW              6393        ; 50 0x18f9  0.1951
                                                            0
  154 00000066 28 25           DCW              9512        ; 51 0x2528  0.2902
                                                            8
  155 00000068 FC 30           DCW              12540       ; 52 0x30fc  0.3826
                                                            9
  156 0000006A 57 3C           DCW              15447       ; 53 0x3c57  0.4714
                                                            1
  157 0000006C 1D 47           DCW              18205       ; 54 0x471d  0.5555
                                                            7
  158 0000006E 34 51           DCW              20788       ; 55 0x5134  0.6344
                                                            0
  159 00000070 82 5A           DCW              23170       ; 56 0x5a82  0.7070
                                                            9
  160 00000072 F2 62           DCW              25330       ; 57 0x62f2  0.7730
                                                            1
  161 00000074 6E 6A           DCW              27246       ; 58 0x6a6e  0.8314
                                                            8
  162 00000076 E3 70           DCW              28899       ; 59 0x70e3  0.8819
                                                            3
  163 00000078 42 76           DCW              30274       ; 60 0x7642  0.9238
                                                            9
  164 0000007A 7D 7A           DCW              31357       ; 61 0x7a7d  0.9569
                                                            4
  165 0000007C 8A 7D           DCW              32138       ; 62 0x7d8a  0.9807
                                                            7
  166 0000007E 62 7F           DCW              32610       ; 63 0x7f62  0.9951
                                                            8
  167 00000080         TabSin
  168 00000080 00 00           DCW              0           ;  0 0x0000  0.0000
                                                            0
  169 00000082 8C 0C           DCW              3212        ;  1 0x0c8c  0.0980
                                                            2
  170 00000084 F9 18           DCW              6393        ;  2 0x18f9  0.1951
                                                            0
  171 00000086 28 25           DCW              9512        ;  3 0x2528  0.2902
                                                            8
  172 00000088 FC 30           DCW              12540       ;  4 0x30fc  0.3826
                                                            9
  173 0000008A 57 3C           DCW              15447       ;  5 0x3c57  0.4714
                                                            1
  174 0000008C 1D 47           DCW              18205       ;  6 0x471d  0.5555
                                                            7
  175 0000008E 34 51           DCW              20788       ;  7 0x5134  0.6344
                                                            0
  176 00000090 82 5A           DCW              23170       ;  8 0x5a82  0.7070
                                                            9
  177 00000092 F2 62           DCW              25330       ;  9 0x62f2  0.7730



ARM Macro Assembler    Page 6 


                                                            1
  178 00000094 6E 6A           DCW              27246       ; 10 0x6a6e  0.8314
                                                            8
  179 00000096 E3 70           DCW              28899       ; 11 0x70e3  0.8819
                                                            3
  180 00000098 42 76           DCW              30274       ; 12 0x7642  0.9238
                                                            9
  181 0000009A 7D 7A           DCW              31357       ; 13 0x7a7d  0.9569
                                                            4
  182 0000009C 8A 7D           DCW              32138       ; 14 0x7d8a  0.9807
                                                            7
  183 0000009E 62 7F           DCW              32610       ; 15 0x7f62  0.9951
                                                            8
  184 000000A0 FF 7F           DCW              32767       ; 16 0x7fff  0.9999
                                                            7
  185 000000A2 62 7F           DCW              32610       ; 17 0x7f62  0.9951
                                                            8
  186 000000A4 8A 7D           DCW              32138       ; 18 0x7d8a  0.9807
                                                            7
  187 000000A6 7D 7A           DCW              31357       ; 19 0x7a7d  0.9569
                                                            4
  188 000000A8 42 76           DCW              30274       ; 20 0x7642  0.9238
                                                            9
  189 000000AA E3 70           DCW              28899       ; 21 0x70e3  0.8819
                                                            3
  190 000000AC 6E 6A           DCW              27246       ; 22 0x6a6e  0.8314
                                                            8
  191 000000AE F2 62           DCW              25330       ; 23 0x62f2  0.7730
                                                            1
  192 000000B0 82 5A           DCW              23170       ; 24 0x5a82  0.7070
                                                            9
  193 000000B2 34 51           DCW              20788       ; 25 0x5134  0.6344
                                                            0
  194 000000B4 1D 47           DCW              18205       ; 26 0x471d  0.5555
                                                            7
  195 000000B6 57 3C           DCW              15447       ; 27 0x3c57  0.4714
                                                            1
  196 000000B8 FC 30           DCW              12540       ; 28 0x30fc  0.3826
                                                            9
  197 000000BA 28 25           DCW              9512        ; 29 0x2528  0.2902
                                                            8
  198 000000BC F9 18           DCW              6393        ; 30 0x18f9  0.1951
                                                            0
  199 000000BE 8C 0C           DCW              3212        ; 31 0x0c8c  0.0980
                                                            2
  200 000000C0 00 00           DCW              0           ; 32 0x0000  0.0000
                                                            0
  201 000000C2 74 F3           DCW              -3212       ; 33 0xf374 -0.0980
                                                            2
  202 000000C4 07 E7           DCW              -6393       ; 34 0xe707 -0.1951
                                                            0
  203 000000C6 D8 DA           DCW              -9512       ; 35 0xdad8 -0.2902
                                                            8
  204 000000C8 04 CF           DCW              -12540      ; 36 0xcf04 -0.3826
                                                            9
  205 000000CA A9 C3           DCW              -15447      ; 37 0xc3a9 -0.4714
                                                            1
  206 000000CC E3 B8           DCW              -18205      ; 38 0xb8e3 -0.5555
                                                            7



ARM Macro Assembler    Page 7 


  207 000000CE CC AE           DCW              -20788      ; 39 0xaecc -0.6344
                                                            0
  208 000000D0 7E A5           DCW              -23170      ; 40 0xa57e -0.7070
                                                            9
  209 000000D2 0E 9D           DCW              -25330      ; 41 0x9d0e -0.7730
                                                            1
  210 000000D4 92 95           DCW              -27246      ; 42 0x9592 -0.8314
                                                            8
  211 000000D6 1D 8F           DCW              -28899      ; 43 0x8f1d -0.8819
                                                            3
  212 000000D8 BE 89           DCW              -30274      ; 44 0x89be -0.9238
                                                            9
  213 000000DA 83 85           DCW              -31357      ; 45 0x8583 -0.9569
                                                            4
  214 000000DC 76 82           DCW              -32138      ; 46 0x8276 -0.9807
                                                            7
  215 000000DE 9E 80           DCW              -32610      ; 47 0x809e -0.9951
                                                            8
  216 000000E0 00 80           DCW              -32768      ; 48 0x8000 -1.0000
                                                            0
  217 000000E2 9E 80           DCW              -32610      ; 49 0x809e -0.9951
                                                            8
  218 000000E4 76 82           DCW              -32138      ; 50 0x8276 -0.9807
                                                            7
  219 000000E6 83 85           DCW              -31357      ; 51 0x8583 -0.9569
                                                            4
  220 000000E8 BE 89           DCW              -30274      ; 52 0x89be -0.9238
                                                            9
  221 000000EA 1D 8F           DCW              -28899      ; 53 0x8f1d -0.8819
                                                            3
  222 000000EC 92 95           DCW              -27246      ; 54 0x9592 -0.8314
                                                            8
  223 000000EE 0E 9D           DCW              -25330      ; 55 0x9d0e -0.7730
                                                            1
  224 000000F0 7E A5           DCW              -23170      ; 56 0xa57e -0.7070
                                                            9
  225 000000F2 CC AE           DCW              -20788      ; 57 0xaecc -0.6344
                                                            0
  226 000000F4 E3 B8           DCW              -18205      ; 58 0xb8e3 -0.5555
                                                            7
  227 000000F6 A9 C3           DCW              -15447      ; 59 0xc3a9 -0.4714
                                                            1
  228 000000F8 04 CF           DCW              -12540      ; 60 0xcf04 -0.3826
                                                            9
  229 000000FA D8 DA           DCW              -9512       ; 61 0xdad8 -0.2902
                                                            8
  230 000000FC 07 E7           DCW              -6393       ; 62 0xe707 -0.1951
                                                            0
  231 000000FE 74 F3           DCW              -3212       ; 63 0xf374 -0.0980
                                                            2
  232 00000100         
  233 00000100         
  234 00000100         
  235 00000100         
  236 00000100                 END
Command Line: --debug --xref --diag_suppress=9931 --cpu=Cortex-M3 --apcs=interw
ork --depend=.\obj\dft.d -o.\obj\dft.o -I.\RTE\_Simu -IE:\KEIL\ARM\CMSIS\5.7.0\
CMSIS\Core\Include -IE:\KEIL\Keil\STM32F1xx_DFP\2.3.0\Device\Include --predefin
e="__EVAL SETA 1" --predefine="__MICROLIB SETA 1" --predefine="__UVISION_VERSIO



ARM Macro Assembler    Page 8 


N SETA 534" --predefine="_RTE_ SETA 1" --predefine="STM32F10X_MD SETA 1" --pred
efine="_RTE_ SETA 1" --list=dft.lst Src\DFT.s



ARM Macro Assembler    Page 1 Alphabetic symbol ordering
Relocatable symbols

DFT_ModuleAuCarre 00000000

Symbol: DFT_ModuleAuCarre
   Definitions
      At line 48 in file Src\DFT.s
   Uses
      At line 3 in file Src\DFT.s
Comment: DFT_ModuleAuCarre used once
Loop 00000010

Symbol: Loop
   Definitions
      At line 56 in file Src\DFT.s
   Uses
      At line 84 in file Src\DFT.s
Comment: Loop used once
moncode 00000000

Symbol: moncode
   Definitions
      At line 10 in file Src\DFT.s
   Uses
      None
Comment: moncode unused
3 symbols



ARM Macro Assembler    Page 1 Alphabetic symbol ordering
Relocatable symbols

TabCos 00000000

Symbol: TabCos
   Definitions
      At line 102 in file Src\DFT.s
   Uses
      At line 4 in file Src\DFT.s
      At line 64 in file Src\DFT.s

TabSin 00000080

Symbol: TabSin
   Definitions
      At line 167 in file Src\DFT.s
   Uses
      At line 5 in file Src\DFT.s
      At line 73 in file Src\DFT.s

Trigo 00000000

Symbol: Trigo
   Definitions
      At line 99 in file Src\DFT.s
   Uses
      None
Comment: Trigo unused
3 symbols



ARM Macro Assembler    Page 1 Alphabetic symbol ordering
External symbols

LeSignal 00000000

Symbol: LeSignal
   Definitions
      At line 6 in file Src\DFT.s
   Uses
      None
Comment: LeSignal unused
1 symbol
344 symbols in table
