


ARM Macro Assembler    Page 1 


    1 00000000                 PRESERVE8
    2 00000000                 THUMB
    3 00000000         
    4 00000000                 include          Driver\DriverJeuLaser.inc
    1 00000000         
    2 00000000         ; Bibliotheque DriverJeuLaser (ancienne gassp72 adaptée 
                       2021 - TR)
    3 00000000         ; Accès en aux fonctions suivantes :
    4 00000000         ; GPIO :
    5 00000000         ; GPIOA_Set(char Broche), GPIOB_Set(char Broche), GPIOC_
                       Set(char Broche)
    6 00000000         ; GPIOA_Clear(char Broche), GPIOB_Clear(char Broche), GP
                       IOC_Clear(char Broche)
    7 00000000         
    8 00000000         ; PWM :
    9 00000000         ;/**
   10 00000000         ; * @brief  Fixe une valeur de PWM, Val, en tick horloge
                       . La rapport cyclique effectif
   11 00000000         ; * est donc : rcy = Thaut_ticks / Periode_ticks
   12 00000000         ; * @note   spécifique Jeu Laser, PWM liée exclusivement
                        au TIM3, chan3
   13 00000000         ; * @param  Thaut_ticks : durée de l'état haut d'une imp
                       ulsion en Ticks
   14 00000000         ;  * @retval None
   15 00000000         ; */
   16 00000000         
   17 00000000         ;void PWM_Set_Value_TIM3_Ch3( unsigned short int Thaut_t
                       icks);
   18 00000000                 import           PWM_Set_Value_TIM3_Ch3
   19 00000000         
   20 00000000         
   21 00000000         
   22 00000000         ;/**
   23 00000000         ; * @brief  Mise à 1 d'une broche GPIO 
   24 00000000         ;  * @note   Une fonction par GPIO
   25 00000000         ; * @param  Broche : 0 à 15
   26 00000000         ; * @retval None
   27 00000000         ; */
   28 00000000         
   29 00000000         ;void GPIOA_Set(char Broche);
   30 00000000                 import           GPIOA_Set
   31 00000000         
   32 00000000         ;void GPIOB_Set(char Broche);
   33 00000000                 import           GPIOB_Set
   34 00000000         
   35 00000000         ;void GPIOC_Set(char Broche);
   36 00000000                 import           GPIOC_Set
   37 00000000         
   38 00000000         
   39 00000000         
   40 00000000         ;/**
   41 00000000         ; * @brief  Mise à 0 d'une broche GPIO 
   42 00000000         ;  * @note   Une fonction par GPIO
   43 00000000         ; * @param  Broche : 0 à 15
   44 00000000         ; * @retval None
   45 00000000         ;  */
   46 00000000         
   47 00000000         ;void GPIOA_Clear(char Broche);
   48 00000000                 import           GPIOA_Clear



ARM Macro Assembler    Page 2 


   49 00000000         
   50 00000000         ;void GPIOB_Clear(char Broche);
   51 00000000                 import           GPIOB_Clear
   52 00000000         
   53 00000000         ;void GPIOC_Clear(char Broche);
   54 00000000                 import           GPIOC_Clear
   55 00000000         
   56 00000000                 end
    5 00000000                 EXPORT           CallbackSon
    6 00000000                 EXPORT           StartSon
    7 00000000         
    8 00000000                 EXTERN           GPIOB_Clear
    9 00000000                 EXTERN           GPIOB_Set
   10 00000000         
   11 00000000                 IMPORT           Son
   12 00000000                 IMPORT           LongueurSon
   13 00000000         
   14 00000000         ; ====================== zone de réservation de données,
                         ======================================
   15 00000000         ;Section RAM (read only) :
   16 00000000                 area             mesdata,data,readonly
   17 00000000         
   18 00000000         
   19 00000000         ;Section RAM (read write):
   20 00000000                 area             maram,data,readwrite
   21 00000000         
   22 00000000 00000000 
                       FlagSon dcd              0
   23 00000004                 EXPORT           FlagSon
   24 00000004 00000000 
                       SortieSon
                               dcd              0
   25 00000008                 EXPORT           SortieSon
   26 00000008 00000000 
                       index   dcd              0
   27 0000000C                 EXPORT           index
   28 0000000C         ; ======================================================
                       =========================================
   29 0000000C         
   30 0000000C         
   31 0000000C         
   32 0000000C         
   33 0000000C         ;Section ROM code (read only) :  
   34 0000000C                 area             moncode,code,readonly
   35 00000000         ; écrire le code ici  
   36 00000000         
   37 00000000         
   38 00000000         StartSon
                               PROC
   39 00000000 4812            ldr              r0,=index
   40 00000002 F04F 0100       mov              r1, #0
   41 00000006 6001            str              r1,[r0]
   42 00000008 4770            bx               lr
   43 0000000A                 endp
   44 0000000A         
   45 0000000A         CallbackSon
                               PROC
   46 0000000A 4810            ldr              r0,=index
   47 0000000C 6800            ldr              r0, [r0]



ARM Macro Assembler    Page 3 


   48 0000000E         
   49 0000000E 4A10            ldr              r2, =LongueurSon
   50 00000010 6812            ldr              r2, [r2]
   51 00000012         
   52 00000012 4290            cmp              r0, r2      ;r0 index
   53 00000014 D100            bne              Lecture
   54 00000016         
   55 00000016 4770            bx               lr
   56 00000018         Lecture
   57 00000018         
   58 00000018 4B0E            ldr              r3,=Son
   59 0000001A F933 3010       ldrsh            r3, [r3,r0,lsl #1] ; LSL logica
                                                            l shift left #1 car
                                                             multiplié par 2
   60 0000001E         
   61 0000001E F503 4300       add              r3, #32768  ;Partie calcul fene
                                                            trage
   62 00000022 F44F 7134       mov              r1, #720
   63 00000026 FB03 F301       mul              r3, r1
   64 0000002A EA4F 4313       lsr              r3, #16
   65 0000002E         
   66 0000002E         
   67 0000002E 4807            ldr              r0,=index   ; increment de inde
                                                            x 
   68 00000030 6801            ldr              r1, [r0]
   69 00000032 F101 0101       add              r1,#1
   70 00000036 6001            str              r1, [r0]
   71 00000038         
   72 00000038 4A07            ldr              r2,=SortieSon ; stockage sortie
                                                            son
   73 0000003A 6013            str              r3, [r2]
   74 0000003C 4618            mov              r0,r3
   75 0000003E         
   76 0000003E B500            push             {lr}
   77 00000040 F7FF FFFE       bl               PWM_Set_Value_TIM3_Ch3
   78 00000044 F85D EB04       pop              {lr}
   79 00000048         
   80 00000048 4770            bx               lr
   81 0000004A                 endp
   82 0000004A         
   83 0000004A                 END
              00 00 00000000 
              00000000 
              00000000 
              00000000 
Command Line: --debug --xref --diag_suppress=9931 --cpu=Cortex-M3 --apcs=interw
ork --depend=.\obj\gestionson.d -o.\obj\gestionson.o -I.\RTE\_CibleSondeKEIL -I
C:\Programdata\Keil\Arm\Packs\ARM\CMSIS\5.7.0\CMSIS\Core\Include -IC:\Programda
ta\Keil\Arm\Packs\Keil\STM32F1xx_DFP\2.3.0\Device\Include --predefine="__EVAL S
ETA 1" --predefine="__MICROLIB SETA 1" --predefine="__UVISION_VERSION SETA 530"
 --predefine="_RTE_ SETA 1" --predefine="STM32F10X_MD SETA 1" --predefine="_RTE
_ SETA 1" --list=gestionson.lst Src\GestionSon.s



ARM Macro Assembler    Page 1 Alphabetic symbol ordering
Relocatable symbols

mesdata 00000000

Symbol: mesdata
   Definitions
      At line 16 in file Src\GestionSon.s
   Uses
      None
Comment: mesdata unused
1 symbol



ARM Macro Assembler    Page 1 Alphabetic symbol ordering
Relocatable symbols

FlagSon 00000000

Symbol: FlagSon
   Definitions
      At line 22 in file Src\GestionSon.s
   Uses
      At line 23 in file Src\GestionSon.s
Comment: FlagSon used once
SortieSon 00000004

Symbol: SortieSon
   Definitions
      At line 24 in file Src\GestionSon.s
   Uses
      At line 25 in file Src\GestionSon.s
      At line 72 in file Src\GestionSon.s

index 00000008

Symbol: index
   Definitions
      At line 26 in file Src\GestionSon.s
   Uses
      At line 27 in file Src\GestionSon.s
      At line 39 in file Src\GestionSon.s
      At line 46 in file Src\GestionSon.s
      At line 67 in file Src\GestionSon.s

maram 00000000

Symbol: maram
   Definitions
      At line 20 in file Src\GestionSon.s
   Uses
      None
Comment: maram unused
4 symbols



ARM Macro Assembler    Page 1 Alphabetic symbol ordering
Relocatable symbols

CallbackSon 0000000A

Symbol: CallbackSon
   Definitions
      At line 45 in file Src\GestionSon.s
   Uses
      At line 5 in file Src\GestionSon.s
Comment: CallbackSon used once
Lecture 00000018

Symbol: Lecture
   Definitions
      At line 56 in file Src\GestionSon.s
   Uses
      At line 53 in file Src\GestionSon.s
Comment: Lecture used once
StartSon 00000000

Symbol: StartSon
   Definitions
      At line 38 in file Src\GestionSon.s
   Uses
      At line 6 in file Src\GestionSon.s
Comment: StartSon used once
moncode 00000000

Symbol: moncode
   Definitions
      At line 34 in file Src\GestionSon.s
   Uses
      None
Comment: moncode unused
4 symbols



ARM Macro Assembler    Page 1 Alphabetic symbol ordering
External symbols

GPIOA_Clear 00000000

Symbol: GPIOA_Clear
   Definitions
      At line 48 in file Driver\DriverJeuLaser.inc
   Uses
      None
Comment: GPIOA_Clear unused
GPIOA_Set 00000000

Symbol: GPIOA_Set
   Definitions
      At line 30 in file Driver\DriverJeuLaser.inc
   Uses
      None
Comment: GPIOA_Set unused
GPIOB_Clear 00000000

Symbol: GPIOB_Clear
   Definitions
      At line 51 in file Driver\DriverJeuLaser.inc
      At line 8 in file Src\GestionSon.s
   Uses
      None
Warning: GPIOB_Clear multiply definedComment: GPIOB_Clear unused
GPIOB_Set 00000000

Symbol: GPIOB_Set
   Definitions
      At line 33 in file Driver\DriverJeuLaser.inc
      At line 9 in file Src\GestionSon.s
   Uses
      None
Warning: GPIOB_Set multiply definedComment: GPIOB_Set unused
GPIOC_Clear 00000000

Symbol: GPIOC_Clear
   Definitions
      At line 54 in file Driver\DriverJeuLaser.inc
   Uses
      None
Comment: GPIOC_Clear unused
GPIOC_Set 00000000

Symbol: GPIOC_Set
   Definitions
      At line 36 in file Driver\DriverJeuLaser.inc
   Uses
      None
Comment: GPIOC_Set unused
LongueurSon 00000000

Symbol: LongueurSon
   Definitions
      At line 12 in file Src\GestionSon.s
   Uses
      At line 49 in file Src\GestionSon.s
Comment: LongueurSon used once
PWM_Set_Value_TIM3_Ch3 00000000



ARM Macro Assembler    Page 2 Alphabetic symbol ordering
External symbols


Symbol: PWM_Set_Value_TIM3_Ch3
   Definitions
      At line 18 in file Driver\DriverJeuLaser.inc
   Uses
      At line 77 in file Src\GestionSon.s
Comment: PWM_Set_Value_TIM3_Ch3 used once
Son 00000000

Symbol: Son
   Definitions
      At line 11 in file Src\GestionSon.s
   Uses
      At line 58 in file Src\GestionSon.s
Comment: Son used once
9 symbols
355 symbols in table
