


ARM Macro Assembler    Page 1 


    1 00000000                 PRESERVE8
    2 00000000                 THUMB
    3 00000000                 EXPORT           DFT_ModuleAuCarre
    4 00000000                 EXPORT           TabCos
    5 00000000                 EXPORT           TabSin
    6 00000000                 IMPORT           LeSignal
    7 00000000         
    8 00000000         ; ====================== zone de réservation de données,
                         ======================================
    9 00000000         ;Section RAM (read only) :
   10 00000000                 area             moncode,code,readwrite
   11 00000000         
   12 00000000         
   13 00000000         
   14 00000000         
   15 00000000         ; ======================================================
                       =========================================
   16 00000000         
   17 00000000         DFT_ModuleAuCarre
                               PROC                         ; short int * Signa
                                                            l64ech, char k
   18 00000000 B4F0            push{r4,r5,r6,r7}
   19 00000002 F04F 0200       mov              r2, #0      ;r2 indice n
   20 00000006         
   21 00000006 F04F 0340       mov              r3, #64     ;r3 longueur du tab
                                                            leau
   22 0000000A         ;mov r7, #63 ; r7 == masque de longueur tableau
   23 0000000A F04F 0700       mov              r7, #0      ; r9 = somme des pa
                                                            rtie réelle 
   24 0000000E F04F 0600       mov              r6, #0
   25 00000012 4D0E            ldr              r5,=TabCos
   26 00000014         
   27 00000014         Loop
   28 00000014         
   29 00000014         
   30 00000014         ;Operation modulo
   31 00000014 FB01 F602       mul              r6,r1,r2    ;r6 = k*n 
   32 00000018 F006 063F       and              r6, #63     ;r5 = k*n AND Longu
                                                            eurTableau = k*n % 
                                                            LongueurTableau
   33 0000001C B408            push             {r3}
   34 0000001E F935 3016       ldrsh            r3, [r5,r6,lsl #1] ; r3 = cos à
                                                             l'indice r6 ; r3 f
                                                            ormat 1.15
   35 00000022 EA4F 03A3       asr              r3, #2      ;1.13
   36 00000026 F930 4012       ldrsh            r4, [r0,r2,lsl #1] ; r4 = signa
                                                            l à l'indice r2 1.1
                                                            2
   37 0000002A EA4F 04A4       asr              r4, #2      ;1.10 
   38 0000002E FB03 7704       mla              r7, r3, r4, r7 ; 8.23
   39 00000032 BC08            pop{r3}
   40 00000034 F102 0201       add              r2, #1
   41 00000038         
   42 00000038 4293            cmp              r3, r2      ;r2 index (rajout a
                                                             la fin)
   43 0000003A D1EB            bne              Loop
   44 0000003C EA4F 5727       asr              r7, #20     ; 8.3
   45 00000040 FB07 F707       mul              r7,r7       ;16.6
   46 00000044 4638            mov              r0, r7



ARM Macro Assembler    Page 2 


   47 00000046 BCF0            pop{r4,r5,r6,r7}
   48 00000048         
   49 00000048 4770            bx               lr
   50 0000004A                 endp
   51 0000004A         
   52 0000004A         
   53 0000004A         
   54 0000004A         ;Section ROM code (read only) :  
   55 0000004A 00 00 00000000  AREA             Trigo, DATA, READONLY
   56 00000000         ; codage fractionnaire 1.15
   57 00000000         
   58 00000000         TabCos
   59 00000000 FF 7F           DCW              32767       ;  0 0x7fff  0.9999
                                                            7
   60 00000002 62 7F           DCW              32610       ;  1 0x7f62  0.9951
                                                            8
   61 00000004 8A 7D           DCW              32138       ;  2 0x7d8a  0.9807
                                                            7
   62 00000006 7D 7A           DCW              31357       ;  3 0x7a7d  0.9569
                                                            4
   63 00000008 42 76           DCW              30274       ;  4 0x7642  0.9238
                                                            9
   64 0000000A E3 70           DCW              28899       ;  5 0x70e3  0.8819
                                                            3
   65 0000000C 6E 6A           DCW              27246       ;  6 0x6a6e  0.8314
                                                            8
   66 0000000E F2 62           DCW              25330       ;  7 0x62f2  0.7730
                                                            1
   67 00000010 82 5A           DCW              23170       ;  8 0x5a82  0.7070
                                                            9
   68 00000012 34 51           DCW              20788       ;  9 0x5134  0.6344
                                                            0
   69 00000014 1D 47           DCW              18205       ; 10 0x471d  0.5555
                                                            7
   70 00000016 57 3C           DCW              15447       ; 11 0x3c57  0.4714
                                                            1
   71 00000018 FC 30           DCW              12540       ; 12 0x30fc  0.3826
                                                            9
   72 0000001A 28 25           DCW              9512        ; 13 0x2528  0.2902
                                                            8
   73 0000001C F9 18           DCW              6393        ; 14 0x18f9  0.1951
                                                            0
   74 0000001E 8C 0C           DCW              3212        ; 15 0x0c8c  0.0980
                                                            2
   75 00000020 00 00           DCW              0           ; 16 0x0000  0.0000
                                                            0
   76 00000022 74 F3           DCW              -3212       ; 17 0xf374 -0.0980
                                                            2
   77 00000024 07 E7           DCW              -6393       ; 18 0xe707 -0.1951
                                                            0
   78 00000026 D8 DA           DCW              -9512       ; 19 0xdad8 -0.2902
                                                            8
   79 00000028 04 CF           DCW              -12540      ; 20 0xcf04 -0.3826
                                                            9
   80 0000002A A9 C3           DCW              -15447      ; 21 0xc3a9 -0.4714
                                                            1
   81 0000002C E3 B8           DCW              -18205      ; 22 0xb8e3 -0.5555
                                                            7
   82 0000002E CC AE           DCW              -20788      ; 23 0xaecc -0.6344



ARM Macro Assembler    Page 3 


                                                            0
   83 00000030 7E A5           DCW              -23170      ; 24 0xa57e -0.7070
                                                            9
   84 00000032 0E 9D           DCW              -25330      ; 25 0x9d0e -0.7730
                                                            1
   85 00000034 92 95           DCW              -27246      ; 26 0x9592 -0.8314
                                                            8
   86 00000036 1D 8F           DCW              -28899      ; 27 0x8f1d -0.8819
                                                            3
   87 00000038 BE 89           DCW              -30274      ; 28 0x89be -0.9238
                                                            9
   88 0000003A 83 85           DCW              -31357      ; 29 0x8583 -0.9569
                                                            4
   89 0000003C 76 82           DCW              -32138      ; 30 0x8276 -0.9807
                                                            7
   90 0000003E 9E 80           DCW              -32610      ; 31 0x809e -0.9951
                                                            8
   91 00000040 00 80           DCW              -32768      ; 32 0x8000 -1.0000
                                                            0
   92 00000042 9E 80           DCW              -32610      ; 33 0x809e -0.9951
                                                            8
   93 00000044 76 82           DCW              -32138      ; 34 0x8276 -0.9807
                                                            7
   94 00000046 83 85           DCW              -31357      ; 35 0x8583 -0.9569
                                                            4
   95 00000048 BE 89           DCW              -30274      ; 36 0x89be -0.9238
                                                            9
   96 0000004A 1D 8F           DCW              -28899      ; 37 0x8f1d -0.8819
                                                            3
   97 0000004C 92 95           DCW              -27246      ; 38 0x9592 -0.8314
                                                            8
   98 0000004E 0E 9D           DCW              -25330      ; 39 0x9d0e -0.7730
                                                            1
   99 00000050 7E A5           DCW              -23170      ; 40 0xa57e -0.7070
                                                            9
  100 00000052 CC AE           DCW              -20788      ; 41 0xaecc -0.6344
                                                            0
  101 00000054 E3 B8           DCW              -18205      ; 42 0xb8e3 -0.5555
                                                            7
  102 00000056 A9 C3           DCW              -15447      ; 43 0xc3a9 -0.4714
                                                            1
  103 00000058 04 CF           DCW              -12540      ; 44 0xcf04 -0.3826
                                                            9
  104 0000005A D8 DA           DCW              -9512       ; 45 0xdad8 -0.2902
                                                            8
  105 0000005C 07 E7           DCW              -6393       ; 46 0xe707 -0.1951
                                                            0
  106 0000005E 74 F3           DCW              -3212       ; 47 0xf374 -0.0980
                                                            2
  107 00000060 00 00           DCW              0           ; 48 0x0000  0.0000
                                                            0
  108 00000062 8C 0C           DCW              3212        ; 49 0x0c8c  0.0980
                                                            2
  109 00000064 F9 18           DCW              6393        ; 50 0x18f9  0.1951
                                                            0
  110 00000066 28 25           DCW              9512        ; 51 0x2528  0.2902
                                                            8
  111 00000068 FC 30           DCW              12540       ; 52 0x30fc  0.3826
                                                            9



ARM Macro Assembler    Page 4 


  112 0000006A 57 3C           DCW              15447       ; 53 0x3c57  0.4714
                                                            1
  113 0000006C 1D 47           DCW              18205       ; 54 0x471d  0.5555
                                                            7
  114 0000006E 34 51           DCW              20788       ; 55 0x5134  0.6344
                                                            0
  115 00000070 82 5A           DCW              23170       ; 56 0x5a82  0.7070
                                                            9
  116 00000072 F2 62           DCW              25330       ; 57 0x62f2  0.7730
                                                            1
  117 00000074 6E 6A           DCW              27246       ; 58 0x6a6e  0.8314
                                                            8
  118 00000076 E3 70           DCW              28899       ; 59 0x70e3  0.8819
                                                            3
  119 00000078 42 76           DCW              30274       ; 60 0x7642  0.9238
                                                            9
  120 0000007A 7D 7A           DCW              31357       ; 61 0x7a7d  0.9569
                                                            4
  121 0000007C 8A 7D           DCW              32138       ; 62 0x7d8a  0.9807
                                                            7
  122 0000007E 62 7F           DCW              32610       ; 63 0x7f62  0.9951
                                                            8
  123 00000080         TabSin
  124 00000080 00 00           DCW              0           ;  0 0x0000  0.0000
                                                            0
  125 00000082 8C 0C           DCW              3212        ;  1 0x0c8c  0.0980
                                                            2
  126 00000084 F9 18           DCW              6393        ;  2 0x18f9  0.1951
                                                            0
  127 00000086 28 25           DCW              9512        ;  3 0x2528  0.2902
                                                            8
  128 00000088 FC 30           DCW              12540       ;  4 0x30fc  0.3826
                                                            9
  129 0000008A 57 3C           DCW              15447       ;  5 0x3c57  0.4714
                                                            1
  130 0000008C 1D 47           DCW              18205       ;  6 0x471d  0.5555
                                                            7
  131 0000008E 34 51           DCW              20788       ;  7 0x5134  0.6344
                                                            0
  132 00000090 82 5A           DCW              23170       ;  8 0x5a82  0.7070
                                                            9
  133 00000092 F2 62           DCW              25330       ;  9 0x62f2  0.7730
                                                            1
  134 00000094 6E 6A           DCW              27246       ; 10 0x6a6e  0.8314
                                                            8
  135 00000096 E3 70           DCW              28899       ; 11 0x70e3  0.8819
                                                            3
  136 00000098 42 76           DCW              30274       ; 12 0x7642  0.9238
                                                            9
  137 0000009A 7D 7A           DCW              31357       ; 13 0x7a7d  0.9569
                                                            4
  138 0000009C 8A 7D           DCW              32138       ; 14 0x7d8a  0.9807
                                                            7
  139 0000009E 62 7F           DCW              32610       ; 15 0x7f62  0.9951
                                                            8
  140 000000A0 FF 7F           DCW              32767       ; 16 0x7fff  0.9999
                                                            7
  141 000000A2 62 7F           DCW              32610       ; 17 0x7f62  0.9951
                                                            8



ARM Macro Assembler    Page 5 


  142 000000A4 8A 7D           DCW              32138       ; 18 0x7d8a  0.9807
                                                            7
  143 000000A6 7D 7A           DCW              31357       ; 19 0x7a7d  0.9569
                                                            4
  144 000000A8 42 76           DCW              30274       ; 20 0x7642  0.9238
                                                            9
  145 000000AA E3 70           DCW              28899       ; 21 0x70e3  0.8819
                                                            3
  146 000000AC 6E 6A           DCW              27246       ; 22 0x6a6e  0.8314
                                                            8
  147 000000AE F2 62           DCW              25330       ; 23 0x62f2  0.7730
                                                            1
  148 000000B0 82 5A           DCW              23170       ; 24 0x5a82  0.7070
                                                            9
  149 000000B2 34 51           DCW              20788       ; 25 0x5134  0.6344
                                                            0
  150 000000B4 1D 47           DCW              18205       ; 26 0x471d  0.5555
                                                            7
  151 000000B6 57 3C           DCW              15447       ; 27 0x3c57  0.4714
                                                            1
  152 000000B8 FC 30           DCW              12540       ; 28 0x30fc  0.3826
                                                            9
  153 000000BA 28 25           DCW              9512        ; 29 0x2528  0.2902
                                                            8
  154 000000BC F9 18           DCW              6393        ; 30 0x18f9  0.1951
                                                            0
  155 000000BE 8C 0C           DCW              3212        ; 31 0x0c8c  0.0980
                                                            2
  156 000000C0 00 00           DCW              0           ; 32 0x0000  0.0000
                                                            0
  157 000000C2 74 F3           DCW              -3212       ; 33 0xf374 -0.0980
                                                            2
  158 000000C4 07 E7           DCW              -6393       ; 34 0xe707 -0.1951
                                                            0
  159 000000C6 D8 DA           DCW              -9512       ; 35 0xdad8 -0.2902
                                                            8
  160 000000C8 04 CF           DCW              -12540      ; 36 0xcf04 -0.3826
                                                            9
  161 000000CA A9 C3           DCW              -15447      ; 37 0xc3a9 -0.4714
                                                            1
  162 000000CC E3 B8           DCW              -18205      ; 38 0xb8e3 -0.5555
                                                            7
  163 000000CE CC AE           DCW              -20788      ; 39 0xaecc -0.6344
                                                            0
  164 000000D0 7E A5           DCW              -23170      ; 40 0xa57e -0.7070
                                                            9
  165 000000D2 0E 9D           DCW              -25330      ; 41 0x9d0e -0.7730
                                                            1
  166 000000D4 92 95           DCW              -27246      ; 42 0x9592 -0.8314
                                                            8
  167 000000D6 1D 8F           DCW              -28899      ; 43 0x8f1d -0.8819
                                                            3
  168 000000D8 BE 89           DCW              -30274      ; 44 0x89be -0.9238
                                                            9
  169 000000DA 83 85           DCW              -31357      ; 45 0x8583 -0.9569
                                                            4
  170 000000DC 76 82           DCW              -32138      ; 46 0x8276 -0.9807
                                                            7
  171 000000DE 9E 80           DCW              -32610      ; 47 0x809e -0.9951



ARM Macro Assembler    Page 6 


                                                            8
  172 000000E0 00 80           DCW              -32768      ; 48 0x8000 -1.0000
                                                            0
  173 000000E2 9E 80           DCW              -32610      ; 49 0x809e -0.9951
                                                            8
  174 000000E4 76 82           DCW              -32138      ; 50 0x8276 -0.9807
                                                            7
  175 000000E6 83 85           DCW              -31357      ; 51 0x8583 -0.9569
                                                            4
  176 000000E8 BE 89           DCW              -30274      ; 52 0x89be -0.9238
                                                            9
  177 000000EA 1D 8F           DCW              -28899      ; 53 0x8f1d -0.8819
                                                            3
  178 000000EC 92 95           DCW              -27246      ; 54 0x9592 -0.8314
                                                            8
  179 000000EE 0E 9D           DCW              -25330      ; 55 0x9d0e -0.7730
                                                            1
  180 000000F0 7E A5           DCW              -23170      ; 56 0xa57e -0.7070
                                                            9
  181 000000F2 CC AE           DCW              -20788      ; 57 0xaecc -0.6344
                                                            0
  182 000000F4 E3 B8           DCW              -18205      ; 58 0xb8e3 -0.5555
                                                            7
  183 000000F6 A9 C3           DCW              -15447      ; 59 0xc3a9 -0.4714
                                                            1
  184 000000F8 04 CF           DCW              -12540      ; 60 0xcf04 -0.3826
                                                            9
  185 000000FA D8 DA           DCW              -9512       ; 61 0xdad8 -0.2902
                                                            8
  186 000000FC 07 E7           DCW              -6393       ; 62 0xe707 -0.1951
                                                            0
  187 000000FE 74 F3           DCW              -3212       ; 63 0xf374 -0.0980
                                                            2
  188 00000100         
  189 00000100         
  190 00000100         
  191 00000100         
  192 00000100                 END
Command Line: --debug --xref --diag_suppress=9931 --cpu=Cortex-M3 --apcs=interw
ork --depend=.\obj\dft.d -o.\obj\dft.o -I.\RTE\_Simu -IC:\Programdata\Keil\Arm\
Packs\ARM\CMSIS\5.7.0\CMSIS\Core\Include -IC:\Programdata\Keil\Arm\Packs\Keil\S
TM32F1xx_DFP\2.3.0\Device\Include --predefine="__EVAL SETA 1" --predefine="__MI
CROLIB SETA 1" --predefine="__UVISION_VERSION SETA 530" --predefine="_RTE_ SETA
 1" --predefine="STM32F10X_MD SETA 1" --predefine="_RTE_ SETA 1" --list=dft.lst
 Src\DFT.s



ARM Macro Assembler    Page 1 Alphabetic symbol ordering
Relocatable symbols

DFT_ModuleAuCarre 00000000

Symbol: DFT_ModuleAuCarre
   Definitions
      At line 17 in file Src\DFT.s
   Uses
      At line 3 in file Src\DFT.s
Comment: DFT_ModuleAuCarre used once
Loop 00000014

Symbol: Loop
   Definitions
      At line 27 in file Src\DFT.s
   Uses
      At line 43 in file Src\DFT.s
Comment: Loop used once
moncode 00000000

Symbol: moncode
   Definitions
      At line 10 in file Src\DFT.s
   Uses
      None
Comment: moncode unused
3 symbols



ARM Macro Assembler    Page 1 Alphabetic symbol ordering
Relocatable symbols

TabCos 00000000

Symbol: TabCos
   Definitions
      At line 58 in file Src\DFT.s
   Uses
      At line 4 in file Src\DFT.s
      At line 25 in file Src\DFT.s

TabSin 00000080

Symbol: TabSin
   Definitions
      At line 123 in file Src\DFT.s
   Uses
      At line 5 in file Src\DFT.s
Comment: TabSin used once
Trigo 00000000

Symbol: Trigo
   Definitions
      At line 55 in file Src\DFT.s
   Uses
      None
Comment: Trigo unused
3 symbols



ARM Macro Assembler    Page 1 Alphabetic symbol ordering
External symbols

LeSignal 00000000

Symbol: LeSignal
   Definitions
      At line 6 in file Src\DFT.s
   Uses
      None
Comment: LeSignal unused
1 symbol
344 symbols in table
